<?xml version="1.0" encoding="UTF-8"?>
<!-- Generated by org.testng.reporters.JUnitReportReporter -->
<testsuite hostname="Yct201909022342" failures="0" tests="1" name="com.lemon.testcase.InvestTest" time="63.027" errors="0" timestamp="2020-07-05T16:45:21 CST" skipped="0">
  <testcase classname="com.lemon.testcase.InvestTest" name="testInvest01" time="63.027"/>
</testsuite> <!-- com.lemon.testcase.InvestTest -->
