<?xml version="1.0" encoding="UTF-8"?>
<!-- Generated by org.testng.reporters.JUnitReportReporter -->
<testsuite hostname="Yct201909022342" failures="0" tests="12" name="lemon.testcase.com.LoginTest" time="295.184" errors="0" timestamp="2020-07-04T09:37:05 CST" skipped="0">
  <testcase classname="lemon.testcase.com.LoginTest" name="loginFail02" time="13.857"/>
  <testcase classname="lemon.testcase.com.LoginTest" name="loginFail01" time="14.787"/>
  <testcase classname="lemon.testcase.com.LoginTest" name="loginFail02" time="14.300"/>
  <testcase classname="lemon.testcase.com.LoginTest" name="rememberPhone" time="62.816"/>
  <testcase classname="lemon.testcase.com.LoginTest" name="loginFail01" time="15.017"/>
  <testcase classname="lemon.testcase.com.LoginTest" name="forgetPhone" time="64.189"/>
  <testcase classname="lemon.testcase.com.LoginTest" name="loginFail02" time="13.545"/>
  <testcase classname="lemon.testcase.com.LoginTest" name="loginFail01" time="16.294"/>
  <testcase classname="lemon.testcase.com.LoginTest" name="loginFail01" time="15.147"/>
  <testcase classname="lemon.testcase.com.LoginTest" name="loginFail02" time="14.369"/>
  <testcase classname="lemon.testcase.com.LoginTest" name="loginFail01" time="14.833"/>
  <testcase classname="lemon.testcase.com.LoginTest" name="loginSuccess" time="36.030"/>
</testsuite> <!-- lemon.testcase.com.LoginTest -->
