<?xml version="1.0" encoding="UTF-8"?>
<!-- Generated by org.testng.reporters.JUnitReportReporter -->
<testsuite hostname="Yct201909022342" failures="0" tests="12" name="com.lemon.testcase.LoginTest" time="314.958" errors="0" timestamp="2020-07-11T13:37:27 CST" skipped="0">
  <testcase classname="com.lemon.testcase.LoginTest" name="loginFail01" time="29.479"/>
  <testcase classname="com.lemon.testcase.LoginTest" name="loginFail02" time="20.849"/>
  <testcase classname="com.lemon.testcase.LoginTest" name="rememberPhone" time="63.509"/>
  <testcase classname="com.lemon.testcase.LoginTest" name="loginFail01" time="13.873"/>
  <testcase classname="com.lemon.testcase.LoginTest" name="loginFail02" time="18.841"/>
  <testcase classname="com.lemon.testcase.LoginTest" name="loginSuccess" time="35.858"/>
  <testcase classname="com.lemon.testcase.LoginTest" name="loginFail01" time="14.556"/>
  <testcase classname="com.lemon.testcase.LoginTest" name="loginFail02" time="15.652"/>
  <testcase classname="com.lemon.testcase.LoginTest" name="loginFail01" time="14.303"/>
  <testcase classname="com.lemon.testcase.LoginTest" name="loginFail02" time="14.226"/>
  <testcase classname="com.lemon.testcase.LoginTest" name="loginFail01" time="14.189"/>
  <testcase classname="com.lemon.testcase.LoginTest" name="forgetPhone" time="59.623"/>
</testsuite> <!-- com.lemon.testcase.LoginTest -->
