<?xml version="1.0" encoding="UTF-8"?>
<!-- Generated by org.testng.reporters.JUnitReportReporter -->
<testsuite hostname="Yct201909022342" failures="0" tests="12" name="com.lemon.testcase.LoginTest" time="278.728" errors="0" timestamp="2020-07-11T13:51:57 CST" skipped="0">
  <testcase classname="com.lemon.testcase.LoginTest" name="loginSuccess" time="34.673"/>
  <testcase classname="com.lemon.testcase.LoginTest" name="loginFail02" time="13.051"/>
  <testcase classname="com.lemon.testcase.LoginTest" name="loginFail01" time="13.464"/>
  <testcase classname="com.lemon.testcase.LoginTest" name="loginFail02" time="12.628"/>
  <testcase classname="com.lemon.testcase.LoginTest" name="loginFail02" time="13.597"/>
  <testcase classname="com.lemon.testcase.LoginTest" name="loginFail01" time="16.824"/>
  <testcase classname="com.lemon.testcase.LoginTest" name="loginFail01" time="17.512"/>
  <testcase classname="com.lemon.testcase.LoginTest" name="forgetPhone" time="58.277"/>
  <testcase classname="com.lemon.testcase.LoginTest" name="rememberPhone" time="59.066"/>
  <testcase classname="com.lemon.testcase.LoginTest" name="loginFail02" time="12.735"/>
  <testcase classname="com.lemon.testcase.LoginTest" name="loginFail01" time="13.485"/>
  <testcase classname="com.lemon.testcase.LoginTest" name="loginFail01" time="13.416"/>
</testsuite> <!-- com.lemon.testcase.LoginTest -->
