<?xml version="1.0" encoding="UTF-8"?>
<testsuite xmlns:xsi="http://www.w3.org/2001/XMLSchema-instance" xsi:noNamespaceSchemaLocation="https://maven.apache.org/surefire/maven-surefire-plugin/xsd/surefire-test-report-3.0.xsd" version="3.0" name="TestSuite" time="282.804" tests="12" errors="0" skipped="0" failures="0">
  <properties>
    <property name="sun.desktop" value="windows"/>
    <property name="awt.toolkit" value="sun.awt.windows.WToolkit"/>
    <property name="java.specification.version" value="12"/>
    <property name="webdriver.chrome.driver" value="src/test/resources/chromedriver.exe"/>
    <property name="sun.cpu.isalist" value="amd64"/>
    <property name="sun.jnu.encoding" value="GBK"/>
    <property name="java.class.path" value="D:\code\java18\web_auto_test01\target\test-classes;D:\code\java18\web_auto_test01\target\classes;D:\apache-maven-3.6.1\repository\org\seleniumhq\selenium\selenium-java\3.141.59\selenium-java-3.141.59.jar;D:\apache-maven-3.6.1\repository\org\seleniumhq\selenium\selenium-api\3.141.59\selenium-api-3.141.59.jar;D:\apache-maven-3.6.1\repository\org\seleniumhq\selenium\selenium-chrome-driver\3.141.59\selenium-chrome-driver-3.141.59.jar;D:\apache-maven-3.6.1\repository\org\seleniumhq\selenium\selenium-edge-driver\3.141.59\selenium-edge-driver-3.141.59.jar;D:\apache-maven-3.6.1\repository\org\seleniumhq\selenium\selenium-firefox-driver\3.141.59\selenium-firefox-driver-3.141.59.jar;D:\apache-maven-3.6.1\repository\org\seleniumhq\selenium\selenium-ie-driver\3.141.59\selenium-ie-driver-3.141.59.jar;D:\apache-maven-3.6.1\repository\org\seleniumhq\selenium\selenium-opera-driver\3.141.59\selenium-opera-driver-3.141.59.jar;D:\apache-maven-3.6.1\repository\org\seleniumhq\selenium\selenium-remote-driver\3.141.59\selenium-remote-driver-3.141.59.jar;D:\apache-maven-3.6.1\repository\org\seleniumhq\selenium\selenium-safari-driver\3.141.59\selenium-safari-driver-3.141.59.jar;D:\apache-maven-3.6.1\repository\org\seleniumhq\selenium\selenium-support\3.141.59\selenium-support-3.141.59.jar;D:\apache-maven-3.6.1\repository\net\bytebuddy\byte-buddy\1.8.15\byte-buddy-1.8.15.jar;D:\apache-maven-3.6.1\repository\org\apache\commons\commons-exec\1.3\commons-exec-1.3.jar;D:\apache-maven-3.6.1\repository\com\google\guava\guava\25.0-jre\guava-25.0-jre.jar;D:\apache-maven-3.6.1\repository\com\google\code\findbugs\jsr305\1.3.9\jsr305-1.3.9.jar;D:\apache-maven-3.6.1\repository\org\checkerframework\checker-compat-qual\2.0.0\checker-compat-qual-2.0.0.jar;D:\apache-maven-3.6.1\repository\com\google\errorprone\error_prone_annotations\2.1.3\error_prone_annotations-2.1.3.jar;D:\apache-maven-3.6.1\repository\com\google\j2objc\j2objc-annotations\1.1\j2objc-annotations-1.1.jar;D:\apache-maven-3.6.1\repository\org\codehaus\mojo\animal-sniffer-annotations\1.14\animal-sniffer-annotations-1.14.jar;D:\apache-maven-3.6.1\repository\com\squareup\okhttp3\okhttp\3.11.0\okhttp-3.11.0.jar;D:\apache-maven-3.6.1\repository\com\squareup\okio\okio\1.14.0\okio-1.14.0.jar;D:\apache-maven-3.6.1\repository\org\testng\testng\7.0.0\testng-7.0.0.jar;D:\apache-maven-3.6.1\repository\com\beust\jcommander\1.72\jcommander-1.72.jar;D:\apache-maven-3.6.1\repository\log4j\log4j\1.2.17\log4j-1.2.17.jar;D:\apache-maven-3.6.1\repository\io\qameta\allure\allure-testng\2.13.3\allure-testng-2.13.3.jar;D:\apache-maven-3.6.1\repository\io\qameta\allure\allure-java-commons\2.13.3\allure-java-commons-2.13.3.jar;D:\apache-maven-3.6.1\repository\io\qameta\allure\allure-model\2.13.3\allure-model-2.13.3.jar;D:\apache-maven-3.6.1\repository\org\slf4j\slf4j-api\1.7.30\slf4j-api-1.7.30.jar;D:\apache-maven-3.6.1\repository\com\fasterxml\jackson\core\jackson-databind\2.9.8\jackson-databind-2.9.8.jar;D:\apache-maven-3.6.1\repository\com\fasterxml\jackson\core\jackson-annotations\2.9.0\jackson-annotations-2.9.0.jar;D:\apache-maven-3.6.1\repository\com\fasterxml\jackson\core\jackson-core\2.9.8\jackson-core-2.9.8.jar;D:\apache-maven-3.6.1\repository\org\apache\tika\tika-core\1.20\tika-core-1.20.jar;D:\apache-maven-3.6.1\repository\org\jooq\joor-java-8\0.9.10\joor-java-8-0.9.10.jar;D:\apache-maven-3.6.1\repository\commons-io\commons-io\2.6\commons-io-2.6.jar;"/>
    <property name="java.vm.vendor" value="Oracle Corporation"/>
    <property name="sun.arch.data.model" value="64"/>
    <property name="user.variant" value=""/>
    <property name="java.vendor.url" value="https://java.oracle.com/"/>
    <property name="user.timezone" value="Asia/Shanghai"/>
    <property name="os.name" value="Windows 10"/>
    <property name="java.vm.specification.version" value="12"/>
    <property name="sun.java.launcher" value="SUN_STANDARD"/>
    <property name="user.country" value="CN"/>
    <property name="sun.boot.library.path" value="C:\Java\jdk\bin"/>
    <property name="sun.java.command" value="C:\Users\Administrator\AppData\Local\Temp\surefire17741756806671007661\surefirebooter4658245659621071616.jar C:\Users\Administrator\AppData\Local\Temp\surefire17741756806671007661 2020-07-11T13-47-12_549-jvmRun1 surefire4353726557018483702tmp surefire_013132134424985134231tmp"/>
    <property name="jdk.debug" value="release"/>
    <property name="surefire.test.class.path" value="D:\code\java18\web_auto_test01\target\test-classes;D:\code\java18\web_auto_test01\target\classes;D:\apache-maven-3.6.1\repository\org\seleniumhq\selenium\selenium-java\3.141.59\selenium-java-3.141.59.jar;D:\apache-maven-3.6.1\repository\org\seleniumhq\selenium\selenium-api\3.141.59\selenium-api-3.141.59.jar;D:\apache-maven-3.6.1\repository\org\seleniumhq\selenium\selenium-chrome-driver\3.141.59\selenium-chrome-driver-3.141.59.jar;D:\apache-maven-3.6.1\repository\org\seleniumhq\selenium\selenium-edge-driver\3.141.59\selenium-edge-driver-3.141.59.jar;D:\apache-maven-3.6.1\repository\org\seleniumhq\selenium\selenium-firefox-driver\3.141.59\selenium-firefox-driver-3.141.59.jar;D:\apache-maven-3.6.1\repository\org\seleniumhq\selenium\selenium-ie-driver\3.141.59\selenium-ie-driver-3.141.59.jar;D:\apache-maven-3.6.1\repository\org\seleniumhq\selenium\selenium-opera-driver\3.141.59\selenium-opera-driver-3.141.59.jar;D:\apache-maven-3.6.1\repository\org\seleniumhq\selenium\selenium-remote-driver\3.141.59\selenium-remote-driver-3.141.59.jar;D:\apache-maven-3.6.1\repository\org\seleniumhq\selenium\selenium-safari-driver\3.141.59\selenium-safari-driver-3.141.59.jar;D:\apache-maven-3.6.1\repository\org\seleniumhq\selenium\selenium-support\3.141.59\selenium-support-3.141.59.jar;D:\apache-maven-3.6.1\repository\net\bytebuddy\byte-buddy\1.8.15\byte-buddy-1.8.15.jar;D:\apache-maven-3.6.1\repository\org\apache\commons\commons-exec\1.3\commons-exec-1.3.jar;D:\apache-maven-3.6.1\repository\com\google\guava\guava\25.0-jre\guava-25.0-jre.jar;D:\apache-maven-3.6.1\repository\com\google\code\findbugs\jsr305\1.3.9\jsr305-1.3.9.jar;D:\apache-maven-3.6.1\repository\org\checkerframework\checker-compat-qual\2.0.0\checker-compat-qual-2.0.0.jar;D:\apache-maven-3.6.1\repository\com\google\errorprone\error_prone_annotations\2.1.3\error_prone_annotations-2.1.3.jar;D:\apache-maven-3.6.1\repository\com\google\j2objc\j2objc-annotations\1.1\j2objc-annotations-1.1.jar;D:\apache-maven-3.6.1\repository\org\codehaus\mojo\animal-sniffer-annotations\1.14\animal-sniffer-annotations-1.14.jar;D:\apache-maven-3.6.1\repository\com\squareup\okhttp3\okhttp\3.11.0\okhttp-3.11.0.jar;D:\apache-maven-3.6.1\repository\com\squareup\okio\okio\1.14.0\okio-1.14.0.jar;D:\apache-maven-3.6.1\repository\org\testng\testng\7.0.0\testng-7.0.0.jar;D:\apache-maven-3.6.1\repository\com\beust\jcommander\1.72\jcommander-1.72.jar;D:\apache-maven-3.6.1\repository\log4j\log4j\1.2.17\log4j-1.2.17.jar;D:\apache-maven-3.6.1\repository\io\qameta\allure\allure-testng\2.13.3\allure-testng-2.13.3.jar;D:\apache-maven-3.6.1\repository\io\qameta\allure\allure-java-commons\2.13.3\allure-java-commons-2.13.3.jar;D:\apache-maven-3.6.1\repository\io\qameta\allure\allure-model\2.13.3\allure-model-2.13.3.jar;D:\apache-maven-3.6.1\repository\org\slf4j\slf4j-api\1.7.30\slf4j-api-1.7.30.jar;D:\apache-maven-3.6.1\repository\com\fasterxml\jackson\core\jackson-databind\2.9.8\jackson-databind-2.9.8.jar;D:\apache-maven-3.6.1\repository\com\fasterxml\jackson\core\jackson-annotations\2.9.0\jackson-annotations-2.9.0.jar;D:\apache-maven-3.6.1\repository\com\fasterxml\jackson\core\jackson-core\2.9.8\jackson-core-2.9.8.jar;D:\apache-maven-3.6.1\repository\org\apache\tika\tika-core\1.20\tika-core-1.20.jar;D:\apache-maven-3.6.1\repository\org\jooq\joor-java-8\0.9.10\joor-java-8-0.9.10.jar;D:\apache-maven-3.6.1\repository\commons-io\commons-io\2.6\commons-io-2.6.jar;"/>
    <property name="allure.results.directory" value="D:\code\java18\web_auto_test01\target/allure-results"/>
    <property name="sun.cpu.endian" value="little"/>
    <property name="user.home" value="C:\Users\Administrator"/>
    <property name="user.language" value="zh"/>
    <property name="java.specification.vendor" value="Oracle Corporation"/>
    <property name="java.version.date" value="2019-07-16"/>
    <property name="java.home" value="C:\Java\jdk"/>
    <property name="file.separator" value="\"/>
    <property name="basedir" value="D:\code\java18\web_auto_test01"/>
    <property name="java.vm.compressedOopsMode" value="32-bit"/>
    <property name="line.separator" value="&#10;"/>
    <property name="java.vm.specification.vendor" value="Oracle Corporation"/>
    <property name="java.specification.name" value="Java Platform API Specification"/>
    <property name="java.awt.graphicsenv" value="sun.awt.Win32GraphicsEnvironment"/>
    <property name="surefire.real.class.path" value="C:\Users\Administrator\AppData\Local\Temp\surefire17741756806671007661\surefirebooter4658245659621071616.jar"/>
    <property name="user.script" value=""/>
    <property name="sun.management.compiler" value="HotSpot 64-Bit Tiered Compilers"/>
    <property name="java.runtime.version" value="12.0.2+10"/>
    <property name="user.name" value="Administrator"/>
    <property name="path.separator" value=";"/>
    <property name="os.version" value="10.0"/>
    <property name="java.runtime.name" value="Java(TM) SE Runtime Environment"/>
    <property name="file.encoding" value="UTF-8"/>
    <property name="java.vm.name" value="Java HotSpot(TM) 64-Bit Server VM"/>
    <property name="localRepository" value="D:\apache-maven-3.6.1\repository"/>
    <property name="java.vendor.url.bug" value="https://bugreport.java.com/bugreport/"/>
    <property name="java.io.tmpdir" value="C:\Users\ADMINI~1\AppData\Local\Temp\"/>
    <property name="java.version" value="12.0.2"/>
    <property name="user.dir" value="D:\code\java18\web_auto_test01"/>
    <property name="os.arch" value="amd64"/>
    <property name="java.vm.specification.name" value="Java Virtual Machine Specification"/>
    <property name="sun.os.patch.level" value=""/>
    <property name="java.library.path" value="C:\Java\jdk\bin;C:\WINDOWS\Sun\Java\bin;C:\WINDOWS\system32;C:\WINDOWS;C:/Java/jdk/bin/server;C:/Java/jdk/bin;C:\Program Files (x86)\Common Files\NetSarang;C:\WINDOWS\system32;C:\WINDOWS;C:\WINDOWS\System32\Wbem;C:\WINDOWS\System32\WindowsPowerShell\v1.0\;C:\WINDOWS\System32\OpenSSH\;C:\Java\jdk\bin;C:\Java\jdk\jre\bin;C:\strawberry\c\bin;C:\strawberry\perl\bin;D:\Program Files\Git\cmd;C:\Program Files\TortoiseSVN\bin;D:\adt-bundle-windows-x86_64-20140702\sdk\platform-tools;D:\apache-maven-3.6.1\bin;D:\apache-tomcat-8.5.41\bin;C:\Users\Administrator\AppData\Local\Programs\Python\Python37\Scripts\;C:\Users\Administrator\AppData\Local\Programs\Python\Python37\;C:\Users\Administrator\AppData\Local\Microsoft\WindowsApps;;C:\Program Files\JetBrains\PyCharm 2019.2.1\bin;;C:\Program Files\JetBrains\PyCharm Community Edition 2019.2.1\bin;;C:\Users\Administrator\AppData\Local\Programs\Fiddler;D:\Program Files\JetBrains\PyCharm Community Edition 2019.3.3\bin;;C:\Users\Administrator\Desktop;;."/>
    <property name="java.vm.info" value="mixed mode, sharing"/>
    <property name="java.vendor" value="Oracle Corporation"/>
    <property name="java.vm.version" value="12.0.2+10"/>
    <property name="sun.io.unicode.encoding" value="UnicodeLittle"/>
    <property name="java.class.version" value="56.0"/>
  </properties>
  <testcase name="forgetPhone" classname="com.lemon.testcase.LoginTest" time="45.138"/>
  <testcase name="loginFail01" classname="com.lemon.testcase.LoginTest" time="1.086"/>
  <testcase name="loginFail01" classname="com.lemon.testcase.LoginTest" time="1.253"/>
  <testcase name="loginFail01" classname="com.lemon.testcase.LoginTest" time="1.055"/>
  <testcase name="loginFail01" classname="com.lemon.testcase.LoginTest" time="1.613"/>
  <testcase name="loginFail01" classname="com.lemon.testcase.LoginTest" time="1.047"/>
  <testcase name="loginFail02" classname="com.lemon.testcase.LoginTest" time="0.461"/>
  <testcase name="loginFail02" classname="com.lemon.testcase.LoginTest" time="0.503"/>
  <testcase name="loginFail02" classname="com.lemon.testcase.LoginTest" time="0.532"/>
  <testcase name="loginFail02" classname="com.lemon.testcase.LoginTest" time="0.533"/>
  <testcase name="loginSuccess" classname="com.lemon.testcase.LoginTest" time="22.425"/>
  <testcase name="rememberPhone" classname="com.lemon.testcase.LoginTest" time="46.709"/>
</testsuite>